<<<<<<< HEAD
<<<<<<< HEAD
=======
>>>>>>> master
﻿  Building Custom Rule C:/Users/KSeam/Documents/Courses/UBCO/Year 4/COSC 499/Capstone3DModelling/Comparisoft/VTK/CMakeLists.txt
  CMake does not need to re-run because C:/Users/KSeam/Documents/Courses/UBCO/Year 4/COSC 499/Capstone3DModelling/Comparisoft/VTK/VTK-bin/CMakeFiles/generate.stamp is up-to-date.
  VSVTK.cxx
C:\Users\KSeam\Documents\Courses\UBCO\Year 4\COSC 499\Capstone3DModelling\Comparisoft\VTK\VSVTK.cxx(54): warning C4996: 'freopen': This function or variable may be unsafe. Consider using freopen_s instead. To disable deprecation, use _CRT_SECURE_NO_WARNINGS. See online help for details.
  C:\Program Files (x86)\Windows Kits\10\Include\10.0.15063.0\ucrt\stdio.h(242): note: see declaration of 'freopen'
<<<<<<< HEAD
C:\Users\KSeam\Documents\Courses\UBCO\Year 4\COSC 499\Capstone3DModelling\Comparisoft\VTK\VSVTK.cxx(177): warning C4996: 'sprintf': This function or variable may be unsafe. Consider using sprintf_s instead. To disable deprecation, use _CRT_SECURE_NO_WARNINGS. See online help for details.
  C:\Program Files (x86)\Windows Kits\10\Include\10.0.15063.0\ucrt\stdio.h(1772): note: see declaration of 'sprintf'
C:\Users\KSeam\Documents\Courses\UBCO\Year 4\COSC 499\Capstone3DModelling\Comparisoft\VTK\VSVTK.cxx(179): warning C4996: 'sprintf': This function or variable may be unsafe. Consider using sprintf_s instead. To disable deprecation, use _CRT_SECURE_NO_WARNINGS. See online help for details.
  C:\Program Files (x86)\Windows Kits\10\Include\10.0.15063.0\ucrt\stdio.h(1772): note: see declaration of 'sprintf'
C:\Users\KSeam\Documents\Courses\UBCO\Year 4\COSC 499\Capstone3DModelling\Comparisoft\VTK\VSVTK.cxx(197): warning C4996: 'ctime': This function or variable may be unsafe. Consider using ctime_s instead. To disable deprecation, use _CRT_SECURE_NO_WARNINGS. See online help for details.
  C:\Program Files (x86)\Windows Kits\10\Include\10.0.15063.0\ucrt\time.h(475): note: see declaration of 'ctime'
  VTK.cpp
C:\Users\KSeam\Documents\Courses\UBCO\Year 4\COSC 499\Capstone3DModelling\Comparisoft\VTK\VTK.cpp(174): warning C4996: 'sprintf': This function or variable may be unsafe. Consider using sprintf_s instead. To disable deprecation, use _CRT_SECURE_NO_WARNINGS. See online help for details.
  C:\Program Files (x86)\Windows Kits\10\Include\10.0.15063.0\ucrt\stdio.h(1772): note: see declaration of 'sprintf'
  PointSelection.cpp
  Align.cpp
  PointStorage.cpp
  Point.cpp
  Generating Code...
c:\users\kseam\documents\courses\ubco\year 4\cosc 499\capstone3dmodelling\comparisoft\vtk\pointstorage.cpp(30): warning C4172: returning address of local variable or temporary
=======
﻿  PointSelection.cpp
>>>>>>> master
=======
C:\Users\KSeam\Documents\Courses\UBCO\Year 4\COSC 499\Capstone3DModelling\Comparisoft\VTK\VSVTK.cxx(216): warning C4996: 'ctime': This function or variable may be unsafe. Consider using ctime_s instead. To disable deprecation, use _CRT_SECURE_NO_WARNINGS. See online help for details.
  C:\Program Files (x86)\Windows Kits\10\Include\10.0.15063.0\ucrt\time.h(475): note: see declaration of 'ctime'
  VTK.cpp
C:\Users\KSeam\Documents\Courses\UBCO\Year 4\COSC 499\Capstone3DModelling\Comparisoft\VTK\VTK.cpp(150): warning C4996: 'strcpy': This function or variable may be unsafe. Consider using strcpy_s instead. To disable deprecation, use _CRT_SECURE_NO_WARNINGS. See online help for details.
  C:\Program Files (x86)\Windows Kits\10\Include\10.0.15063.0\ucrt\string.h(136): note: see declaration of 'strcpy'
C:\Users\KSeam\Documents\Courses\UBCO\Year 4\COSC 499\Capstone3DModelling\Comparisoft\VTK\VTK.cpp(151): warning C4996: 'sprintf': This function or variable may be unsafe. Consider using sprintf_s instead. To disable deprecation, use _CRT_SECURE_NO_WARNINGS. See online help for details.
  C:\Program Files (x86)\Windows Kits\10\Include\10.0.15063.0\ucrt\stdio.h(1772): note: see declaration of 'sprintf'
  PointSelection.cpp
  Align.cpp
  Generating Code...
>>>>>>> master
  VSVTK.vcxproj -> C:\Users\KSeam\Documents\Courses\UBCO\Year 4\COSC 499\Capstone3DModelling\Comparisoft\VTK\VTK-bin\Release\VSVTK.exe
